<?xml version="1.0" encoding="UTF-8"?>
<!-- Generated by org.testng.reporters.JUnitXMLReporter -->
<testsuite ignored="0" hostname="DESKTOP-D0QCN09" failures="0" tests="4" name="Default test" time="12.832" errors="0" timestamp="2023-06-07T12:50:34 IST">
  <testcase classname="api.test.UserTests" name="testPostUser" time="4.318"/>
  <testcase classname="api.test.UserTests" name="testGetUserByName" time="2.632"/>
  <testcase classname="api.test.UserTests" name="testUpdateUserByName" time="3.969"/>
  <testcase classname="api.test.UserTests" name="testDeleteUserByName" time="1.637"/>
</testsuite> <!-- Default test -->
